<?xml version="1.0" encoding="UTF-8"?>
<!-- Generated by org.testng.reporters.JUnitReportReporter -->
<testsuite hostname="LIN51011379" failures="0" tests="4" name="com.cg.oranghrm.testcase.LoginPageTest" time="12.722" errors="0" timestamp="2021-07-19T18:12:30 IST" skipped="0">
  <testcase classname="com.cg.oranghrm.testcase.LoginPageTest" name="verifyLoginPageTitle" time="0.026"/>
  <system-out/>
  <testcase classname="com.cg.oranghrm.testcase.LoginPageTest" name="verifyLoginPageLogo" time="1.566"/>
  <system-out/>
  <testcase classname="com.cg.oranghrm.testcase.LoginPageTest" name="verifyLoginPanel" time="1.516"/>
  <system-out/>
  <testcase classname="com.cg.oranghrm.testcase.LoginPageTest" name="verifyLogin" time="9.614"/>
  <system-out/>
</testsuite> <!-- com.cg.oranghrm.testcase.LoginPageTest -->
