<?xml version="1.0" encoding="UTF-8"?>
<!-- Generated by org.testng.reporters.JUnitReportReporter -->
<testsuite hostname="LIN51011379" failures="0" tests="10" name="com.cg.oranghrm.testcase.AdminPageTest" time="32.932" errors="0" timestamp="2021-07-15T12:42:21 IST" skipped="8">
  <testcase classname="com.cg.oranghrm.testcase.AdminPageTest" name="validateAddUser" time="17.181"/>
  <system-out/>
  <testcase classname="com.cg.oranghrm.testcase.AdminPageTest" name="validateAddUser" time="15.751"/>
  <system-out/>
  <testcase classname="com.cg.oranghrm.testcase.AdminPageTest" name="validateSearchByStatus">
    <skipped/>
  </testcase> <!-- validateSearchByStatus -->
  <system-out/>
  <testcase classname="com.cg.oranghrm.testcase.AdminPageTest" name="validateSearchByUsername">
    <skipped/>
  </testcase> <!-- validateSearchByUsername -->
  <system-out/>
  <testcase classname="com.cg.oranghrm.testcase.AdminPageTest" name="validateAdminHeading">
    <skipped/>
  </testcase> <!-- validateAdminHeading -->
  <system-out/>
  <testcase classname="com.cg.oranghrm.testcase.AdminPageTest" name="validateLeavePageLink">
    <skipped/>
  </testcase> <!-- validateLeavePageLink -->
  <system-out/>
  <testcase classname="com.cg.oranghrm.testcase.AdminPageTest" name="validateAddUser2">
    <skipped/>
  </testcase> <!-- validateAddUser2 -->
  <system-out/>
  <testcase classname="com.cg.oranghrm.testcase.AdminPageTest" name="deleteUser">
    <skipped/>
  </testcase> <!-- deleteUser -->
  <system-out/>
  <testcase classname="com.cg.oranghrm.testcase.AdminPageTest" name="validateSearchByEmployeeName">
    <skipped/>
  </testcase> <!-- validateSearchByEmployeeName -->
  <system-out/>
  <testcase classname="com.cg.oranghrm.testcase.AdminPageTest" name="validateSearchByUserRole">
    <skipped/>
  </testcase> <!-- validateSearchByUserRole -->
  <system-out/>
</testsuite> <!-- com.cg.oranghrm.testcase.AdminPageTest -->
