<?xml version="1.0" encoding="UTF-8"?>
<!-- Generated by org.testng.reporters.JUnitReportReporter -->
<testsuite hostname="LIN51011379" failures="0" tests="3" name="com.cg.oranghrm.testcase.DashboardPageTest" time="55.587" errors="0" timestamp="2021-07-16T15:57:16 IST" skipped="0">
  <testcase classname="com.cg.oranghrm.testcase.DashboardPageTest" name="verifyDashboardHeading" time="17.454"/>
  <system-out/>
  <testcase classname="com.cg.oranghrm.testcase.DashboardPageTest" name="verifyWelcome" time="18.057"/>
  <system-out/>
  <testcase classname="com.cg.oranghrm.testcase.DashboardPageTest" name="verifyAdminLinkClick" time="20.076"/>
  <system-out/>
</testsuite> <!-- com.cg.oranghrm.testcase.DashboardPageTest -->
